2016-07-18 23:53:04 [ps.mx.otter.utils.http.HttpClient][ERROR] http://localhost:8080/httptest 请求响应 404
2016-07-18 23:53:04 [ps.mx.otter.utils.http.HttpClient][ERROR] 发送POST请求失败
org.apache.http.client.ClientProtocolException: Unexpected response status: 404
	at ps.mx.otter.utils.http.HttpClient$2.handleResponse(HttpClient.java:122) ~[otter-0.0.1.jar:na]
	at ps.mx.otter.utils.http.HttpClient$2.handleResponse(HttpClient.java:1) ~[otter-0.0.1.jar:na]
	at org.apache.http.impl.client.CloseableHttpClient.execute(CloseableHttpClient.java:222) ~[httpclient-4.5.jar:4.5]
	at org.apache.http.impl.client.CloseableHttpClient.execute(CloseableHttpClient.java:164) ~[httpclient-4.5.jar:4.5]
	at org.apache.http.impl.client.CloseableHttpClient.execute(CloseableHttpClient.java:139) ~[httpclient-4.5.jar:4.5]
	at ps.mx.otter.utils.http.HttpClient.httpPostForString(HttpClient.java:134) [otter-0.0.1.jar:na]
	at ps.mx.otter.utils.http.HttpClient.httpPostForString(HttpClient.java:105) [otter-0.0.1.jar:na]
	at com.dreamer.service.wxchat.NoticeHandlerImpl.tt(NoticeHandlerImpl.java:55) [classes/:na]
	at com.dreamer.service.wxchat.NoticeHandlerImpl.main(NoticeHandlerImpl.java:60) [classes/:na]
	at sun.reflect.NativeMethodAccessorImpl.invoke0(Native Method) ~[na:1.8.0_45]
	at sun.reflect.NativeMethodAccessorImpl.invoke(NativeMethodAccessorImpl.java:62) ~[na:1.8.0_45]
	at sun.reflect.DelegatingMethodAccessorImpl.invoke(DelegatingMethodAccessorImpl.java:43) ~[na:1.8.0_45]
	at java.lang.reflect.Method.invoke(Method.java:497) ~[na:1.8.0_45]
	at com.intellij.rt.execution.application.AppMain.main(AppMain.java:144) [idea_rt.jar:na]
2016-07-18 23:54:52 [ps.mx.otter.utils.http.HttpClient][ERROR] http://localhost:8080/httptest 请求响应 404
2016-07-18 23:54:52 [ps.mx.otter.utils.http.HttpClient][ERROR] 发送POST请求失败
org.apache.http.client.ClientProtocolException: Unexpected response status: 404
	at ps.mx.otter.utils.http.HttpClient$2.handleResponse(HttpClient.java:122) ~[otter-0.0.1.jar:na]
	at ps.mx.otter.utils.http.HttpClient$2.handleResponse(HttpClient.java:1) ~[otter-0.0.1.jar:na]
	at org.apache.http.impl.client.CloseableHttpClient.execute(CloseableHttpClient.java:222) ~[httpclient-4.5.jar:4.5]
	at org.apache.http.impl.client.CloseableHttpClient.execute(CloseableHttpClient.java:164) ~[httpclient-4.5.jar:4.5]
	at org.apache.http.impl.client.CloseableHttpClient.execute(CloseableHttpClient.java:139) ~[httpclient-4.5.jar:4.5]
	at ps.mx.otter.utils.http.HttpClient.httpPostForString(HttpClient.java:134) [otter-0.0.1.jar:na]
	at ps.mx.otter.utils.http.HttpClient.httpPostForString(HttpClient.java:105) [otter-0.0.1.jar:na]
	at com.dreamer.service.wxchat.NoticeHandlerImpl.tt(NoticeHandlerImpl.java:55) [classes/:na]
	at com.dreamer.service.wxchat.NoticeHandlerImpl.main(NoticeHandlerImpl.java:60) [classes/:na]
	at sun.reflect.NativeMethodAccessorImpl.invoke0(Native Method) ~[na:1.8.0_45]
	at sun.reflect.NativeMethodAccessorImpl.invoke(NativeMethodAccessorImpl.java:62) ~[na:1.8.0_45]
	at sun.reflect.DelegatingMethodAccessorImpl.invoke(DelegatingMethodAccessorImpl.java:43) ~[na:1.8.0_45]
	at java.lang.reflect.Method.invoke(Method.java:497) ~[na:1.8.0_45]
	at com.intellij.rt.execution.application.AppMain.main(AppMain.java:144) [idea_rt.jar:na]
2016-07-18 23:55:36 [ps.mx.otter.utils.http.HttpClient][ERROR] http://localhost:8080/httptest 请求响应 404
2016-07-18 23:55:36 [ps.mx.otter.utils.http.HttpClient][ERROR] 发送POST请求失败
org.apache.http.client.ClientProtocolException: Unexpected response status: 404
	at ps.mx.otter.utils.http.HttpClient$2.handleResponse(HttpClient.java:122) ~[otter-0.0.1.jar:na]
	at ps.mx.otter.utils.http.HttpClient$2.handleResponse(HttpClient.java:1) ~[otter-0.0.1.jar:na]
	at org.apache.http.impl.client.CloseableHttpClient.execute(CloseableHttpClient.java:222) ~[httpclient-4.5.jar:4.5]
	at org.apache.http.impl.client.CloseableHttpClient.execute(CloseableHttpClient.java:164) ~[httpclient-4.5.jar:4.5]
	at org.apache.http.impl.client.CloseableHttpClient.execute(CloseableHttpClient.java:139) ~[httpclient-4.5.jar:4.5]
	at ps.mx.otter.utils.http.HttpClient.httpPostForString(HttpClient.java:134) [otter-0.0.1.jar:na]
	at ps.mx.otter.utils.http.HttpClient.httpPostForString(HttpClient.java:105) [otter-0.0.1.jar:na]
	at com.dreamer.service.wxchat.NoticeHandlerImpl.tt(NoticeHandlerImpl.java:55) [classes/:na]
	at com.dreamer.service.wxchat.NoticeHandlerImpl.main(NoticeHandlerImpl.java:60) [classes/:na]
	at sun.reflect.NativeMethodAccessorImpl.invoke0(Native Method) ~[na:1.8.0_45]
	at sun.reflect.NativeMethodAccessorImpl.invoke(NativeMethodAccessorImpl.java:62) ~[na:1.8.0_45]
	at sun.reflect.DelegatingMethodAccessorImpl.invoke(DelegatingMethodAccessorImpl.java:43) ~[na:1.8.0_45]
	at java.lang.reflect.Method.invoke(Method.java:497) ~[na:1.8.0_45]
	at com.intellij.rt.execution.application.AppMain.main(AppMain.java:144) [idea_rt.jar:na]
2016-07-19 00:05:36 [ps.mx.otter.utils.http.HttpClient][ERROR] 发送POST请求失败
java.lang.NullPointerException: null
	at ps.mx.otter.utils.http.HttpClient.httpPostForString(HttpClient.java:130) ~[otter-0.0.1.jar:na]
	at com.dreamer.service.wxchat.NoticeHandlerImpl.tt(NoticeHandlerImpl.java:59) [classes/:na]
	at com.dreamer.service.wxchat.NoticeHandlerImpl.main(NoticeHandlerImpl.java:64) [classes/:na]
	at sun.reflect.NativeMethodAccessorImpl.invoke0(Native Method) ~[na:1.8.0_45]
	at sun.reflect.NativeMethodAccessorImpl.invoke(NativeMethodAccessorImpl.java:62) ~[na:1.8.0_45]
	at sun.reflect.DelegatingMethodAccessorImpl.invoke(DelegatingMethodAccessorImpl.java:43) ~[na:1.8.0_45]
	at java.lang.reflect.Method.invoke(Method.java:497) ~[na:1.8.0_45]
	at com.intellij.rt.execution.application.AppMain.main(AppMain.java:144) [idea_rt.jar:na]
2016-07-19 07:24:48 [ps.mx.otter.utils.http.HttpClient][ERROR] http://localhost:8080/transfer/httptest 请求响应 500
2016-07-19 07:24:48 [ps.mx.otter.utils.http.HttpClient][ERROR] 发送POST请求失败
org.apache.http.client.ClientProtocolException: Unexpected response status: 500
	at ps.mx.otter.utils.http.HttpClient$2.handleResponse(HttpClient.java:122) ~[otter-0.0.1.jar:na]
	at ps.mx.otter.utils.http.HttpClient$2.handleResponse(HttpClient.java:1) ~[otter-0.0.1.jar:na]
	at org.apache.http.impl.client.CloseableHttpClient.execute(CloseableHttpClient.java:222) ~[httpclient-4.5.jar:4.5]
	at org.apache.http.impl.client.CloseableHttpClient.execute(CloseableHttpClient.java:164) ~[httpclient-4.5.jar:4.5]
	at org.apache.http.impl.client.CloseableHttpClient.execute(CloseableHttpClient.java:139) ~[httpclient-4.5.jar:4.5]
	at ps.mx.otter.utils.http.HttpClient.httpPostForString(HttpClient.java:134) [otter-0.0.1.jar:na]
	at ps.mx.otter.utils.http.HttpClient.httpPostForString(HttpClient.java:105) [otter-0.0.1.jar:na]
	at com.dreamer.service.wxchat.NoticeHandlerImpl.tt(NoticeHandlerImpl.java:61) [classes/:na]
	at com.dreamer.service.wxchat.NoticeHandlerImpl.main(NoticeHandlerImpl.java:66) [classes/:na]
	at sun.reflect.NativeMethodAccessorImpl.invoke0(Native Method) ~[na:1.8.0_45]
	at sun.reflect.NativeMethodAccessorImpl.invoke(NativeMethodAccessorImpl.java:62) ~[na:1.8.0_45]
	at sun.reflect.DelegatingMethodAccessorImpl.invoke(DelegatingMethodAccessorImpl.java:43) ~[na:1.8.0_45]
	at java.lang.reflect.Method.invoke(Method.java:497) ~[na:1.8.0_45]
	at com.intellij.rt.execution.application.AppMain.main(AppMain.java:144) [idea_rt.jar:na]
2016-07-19 07:25:26 [ps.mx.otter.utils.http.HttpClient][ERROR] http://localhost:8080/transfer/httptest 请求响应 500
2016-07-19 07:25:26 [ps.mx.otter.utils.http.HttpClient][ERROR] 发送POST请求失败
org.apache.http.client.ClientProtocolException: Unexpected response status: 500
	at ps.mx.otter.utils.http.HttpClient$2.handleResponse(HttpClient.java:122) ~[otter-0.0.1.jar:na]
	at ps.mx.otter.utils.http.HttpClient$2.handleResponse(HttpClient.java:1) ~[otter-0.0.1.jar:na]
	at org.apache.http.impl.client.CloseableHttpClient.execute(CloseableHttpClient.java:222) ~[httpclient-4.5.jar:4.5]
	at org.apache.http.impl.client.CloseableHttpClient.execute(CloseableHttpClient.java:164) ~[httpclient-4.5.jar:4.5]
	at org.apache.http.impl.client.CloseableHttpClient.execute(CloseableHttpClient.java:139) ~[httpclient-4.5.jar:4.5]
	at ps.mx.otter.utils.http.HttpClient.httpPostForString(HttpClient.java:134) [otter-0.0.1.jar:na]
	at ps.mx.otter.utils.http.HttpClient.httpPostForString(HttpClient.java:105) [otter-0.0.1.jar:na]
	at com.dreamer.service.wxchat.NoticeHandlerImpl.tt(NoticeHandlerImpl.java:61) [classes/:na]
	at com.dreamer.service.wxchat.NoticeHandlerImpl.main(NoticeHandlerImpl.java:66) [classes/:na]
	at sun.reflect.NativeMethodAccessorImpl.invoke0(Native Method) ~[na:1.8.0_45]
	at sun.reflect.NativeMethodAccessorImpl.invoke(NativeMethodAccessorImpl.java:62) ~[na:1.8.0_45]
	at sun.reflect.DelegatingMethodAccessorImpl.invoke(DelegatingMethodAccessorImpl.java:43) ~[na:1.8.0_45]
	at java.lang.reflect.Method.invoke(Method.java:497) ~[na:1.8.0_45]
	at com.intellij.rt.execution.application.AppMain.main(AppMain.java:144) [idea_rt.jar:na]
2016-07-19 07:29:13 [ps.mx.otter.utils.http.HttpClient][ERROR] http://localhost:8080/transfer/httptest 请求响应 500
2016-07-19 07:29:13 [ps.mx.otter.utils.http.HttpClient][ERROR] 发送POST请求失败
org.apache.http.client.ClientProtocolException: Unexpected response status: 500
	at ps.mx.otter.utils.http.HttpClient$2.handleResponse(HttpClient.java:122) ~[otter-0.0.1.jar:na]
	at ps.mx.otter.utils.http.HttpClient$2.handleResponse(HttpClient.java:1) ~[otter-0.0.1.jar:na]
	at org.apache.http.impl.client.CloseableHttpClient.execute(CloseableHttpClient.java:222) ~[httpclient-4.5.jar:4.5]
	at org.apache.http.impl.client.CloseableHttpClient.execute(CloseableHttpClient.java:164) ~[httpclient-4.5.jar:4.5]
	at org.apache.http.impl.client.CloseableHttpClient.execute(CloseableHttpClient.java:139) ~[httpclient-4.5.jar:4.5]
	at ps.mx.otter.utils.http.HttpClient.httpPostForString(HttpClient.java:134) [otter-0.0.1.jar:na]
	at ps.mx.otter.utils.http.HttpClient.httpPostForString(HttpClient.java:105) [otter-0.0.1.jar:na]
	at com.dreamer.service.wxchat.NoticeHandlerImpl.tt(NoticeHandlerImpl.java:68) [classes/:na]
	at com.dreamer.service.wxchat.NoticeHandlerImpl.main(NoticeHandlerImpl.java:74) [classes/:na]
	at sun.reflect.NativeMethodAccessorImpl.invoke0(Native Method) ~[na:1.8.0_45]
	at sun.reflect.NativeMethodAccessorImpl.invoke(NativeMethodAccessorImpl.java:62) ~[na:1.8.0_45]
	at sun.reflect.DelegatingMethodAccessorImpl.invoke(DelegatingMethodAccessorImpl.java:43) ~[na:1.8.0_45]
	at java.lang.reflect.Method.invoke(Method.java:497) ~[na:1.8.0_45]
	at com.intellij.rt.execution.application.AppMain.main(AppMain.java:144) [idea_rt.jar:na]
